<?xml version="1.0" encoding="UTF-8"?>
<testsuite xmlns:xsi="http://www.w3.org/2001/XMLSchema-instance" xsi:noNamespaceSchemaLocation="https://maven.apache.org/surefire/maven-surefire-plugin/xsd/surefire-test-report.xsd" name="Test.ValidationServiceTest" time="0.005" tests="3" errors="0" skipped="0" failures="0">
  <properties>
    <property name="sun.desktop" value="gnome"/>
    <property name="awt.toolkit" value="sun.awt.X11.XToolkit"/>
    <property name="java.specification.version" value="11"/>
    <property name="sun.cpu.isalist" value=""/>
    <property name="sun.jnu.encoding" value="UTF-8"/>
    <property name="java.class.path" value="/home/elod/IdeaProjects/HikeMasterBackend/target/test-classes:/home/elod/IdeaProjects/HikeMasterBackend/target/classes:/home/elod/.m2/repository/net/sf/dozer/dozer/5.5.1/dozer-5.5.1.jar:/home/elod/.m2/repository/commons-beanutils/commons-beanutils/1.9.1/commons-beanutils-1.9.1.jar:/home/elod/.m2/repository/commons-collections/commons-collections/3.2.1/commons-collections-3.2.1.jar:/home/elod/.m2/repository/org/slf4j/slf4j-api/1.7.25/slf4j-api-1.7.25.jar:/home/elod/.m2/repository/org/slf4j/jcl-over-slf4j/1.7.25/jcl-over-slf4j-1.7.25.jar:/home/elod/.m2/repository/org/passay/passay/1.6.0/passay-1.6.0.jar:/home/elod/.m2/repository/org/springframework/boot/spring-boot-starter-web/2.1.3.RELEASE/spring-boot-starter-web-2.1.3.RELEASE.jar:/home/elod/.m2/repository/org/springframework/boot/spring-boot-starter/2.1.3.RELEASE/spring-boot-starter-2.1.3.RELEASE.jar:/home/elod/.m2/repository/org/springframework/boot/spring-boot-starter-logging/2.1.3.RELEASE/spring-boot-starter-logging-2.1.3.RELEASE.jar:/home/elod/.m2/repository/ch/qos/logback/logback-classic/1.2.3/logback-classic-1.2.3.jar:/home/elod/.m2/repository/ch/qos/logback/logback-core/1.2.3/logback-core-1.2.3.jar:/home/elod/.m2/repository/org/apache/logging/log4j/log4j-to-slf4j/2.11.2/log4j-to-slf4j-2.11.2.jar:/home/elod/.m2/repository/org/apache/logging/log4j/log4j-api/2.11.2/log4j-api-2.11.2.jar:/home/elod/.m2/repository/org/slf4j/jul-to-slf4j/1.7.25/jul-to-slf4j-1.7.25.jar:/home/elod/.m2/repository/javax/annotation/javax.annotation-api/1.3.2/javax.annotation-api-1.3.2.jar:/home/elod/.m2/repository/org/yaml/snakeyaml/1.23/snakeyaml-1.23.jar:/home/elod/.m2/repository/org/springframework/boot/spring-boot-starter-json/2.1.3.RELEASE/spring-boot-starter-json-2.1.3.RELEASE.jar:/home/elod/.m2/repository/com/fasterxml/jackson/datatype/jackson-datatype-jdk8/2.9.8/jackson-datatype-jdk8-2.9.8.jar:/home/elod/.m2/repository/com/fasterxml/jackson/datatype/jackson-datatype-jsr310/2.9.8/jackson-datatype-jsr310-2.9.8.jar:/home/elod/.m2/repository/com/fasterxml/jackson/module/jackson-module-parameter-names/2.9.8/jackson-module-parameter-names-2.9.8.jar:/home/elod/.m2/repository/org/springframework/boot/spring-boot-starter-tomcat/2.1.3.RELEASE/spring-boot-starter-tomcat-2.1.3.RELEASE.jar:/home/elod/.m2/repository/org/apache/tomcat/embed/tomcat-embed-core/9.0.16/tomcat-embed-core-9.0.16.jar:/home/elod/.m2/repository/org/apache/tomcat/embed/tomcat-embed-el/9.0.16/tomcat-embed-el-9.0.16.jar:/home/elod/.m2/repository/org/apache/tomcat/embed/tomcat-embed-websocket/9.0.16/tomcat-embed-websocket-9.0.16.jar:/home/elod/.m2/repository/org/hibernate/validator/hibernate-validator/6.0.14.Final/hibernate-validator-6.0.14.Final.jar:/home/elod/.m2/repository/javax/validation/validation-api/2.0.1.Final/validation-api-2.0.1.Final.jar:/home/elod/.m2/repository/com/fasterxml/classmate/1.4.0/classmate-1.4.0.jar:/home/elod/.m2/repository/org/springframework/spring-web/5.1.5.RELEASE/spring-web-5.1.5.RELEASE.jar:/home/elod/.m2/repository/org/springframework/spring-beans/5.1.5.RELEASE/spring-beans-5.1.5.RELEASE.jar:/home/elod/.m2/repository/org/springframework/spring-webmvc/5.1.5.RELEASE/spring-webmvc-5.1.5.RELEASE.jar:/home/elod/.m2/repository/org/springframework/spring-context/5.1.5.RELEASE/spring-context-5.1.5.RELEASE.jar:/home/elod/.m2/repository/org/springframework/spring-expression/5.1.5.RELEASE/spring-expression-5.1.5.RELEASE.jar:/home/elod/.m2/repository/org/springframework/boot/spring-boot-devtools/2.1.3.RELEASE/spring-boot-devtools-2.1.3.RELEASE.jar:/home/elod/.m2/repository/org/springframework/boot/spring-boot/2.1.3.RELEASE/spring-boot-2.1.3.RELEASE.jar:/home/elod/.m2/repository/org/springframework/boot/spring-boot-autoconfigure/2.1.3.RELEASE/spring-boot-autoconfigure-2.1.3.RELEASE.jar:/home/elod/.m2/repository/org/springframework/boot/spring-boot-starter-security/2.1.3.RELEASE/spring-boot-starter-security-2.1.3.RELEASE.jar:/home/elod/.m2/repository/org/springframework/spring-aop/5.1.5.RELEASE/spring-aop-5.1.5.RELEASE.jar:/home/elod/.m2/repository/org/springframework/security/spring-security-config/5.1.4.RELEASE/spring-security-config-5.1.4.RELEASE.jar:/home/elod/.m2/repository/org/springframework/security/spring-security-web/5.1.4.RELEASE/spring-security-web-5.1.4.RELEASE.jar:/home/elod/.m2/repository/org/springframework/boot/spring-boot-starter-test/2.1.3.RELEASE/spring-boot-starter-test-2.1.3.RELEASE.jar:/home/elod/.m2/repository/org/springframework/boot/spring-boot-test/2.1.3.RELEASE/spring-boot-test-2.1.3.RELEASE.jar:/home/elod/.m2/repository/org/springframework/boot/spring-boot-test-autoconfigure/2.1.3.RELEASE/spring-boot-test-autoconfigure-2.1.3.RELEASE.jar:/home/elod/.m2/repository/com/jayway/jsonpath/json-path/2.4.0/json-path-2.4.0.jar:/home/elod/.m2/repository/net/minidev/json-smart/2.3/json-smart-2.3.jar:/home/elod/.m2/repository/net/minidev/accessors-smart/1.2/accessors-smart-1.2.jar:/home/elod/.m2/repository/junit/junit/4.12/junit-4.12.jar:/home/elod/.m2/repository/org/assertj/assertj-core/3.11.1/assertj-core-3.11.1.jar:/home/elod/.m2/repository/org/mockito/mockito-core/2.23.4/mockito-core-2.23.4.jar:/home/elod/.m2/repository/net/bytebuddy/byte-buddy/1.9.10/byte-buddy-1.9.10.jar:/home/elod/.m2/repository/net/bytebuddy/byte-buddy-agent/1.9.10/byte-buddy-agent-1.9.10.jar:/home/elod/.m2/repository/org/objenesis/objenesis/2.6/objenesis-2.6.jar:/home/elod/.m2/repository/org/hamcrest/hamcrest-core/1.3/hamcrest-core-1.3.jar:/home/elod/.m2/repository/org/hamcrest/hamcrest-library/1.3/hamcrest-library-1.3.jar:/home/elod/.m2/repository/org/skyscreamer/jsonassert/1.5.0/jsonassert-1.5.0.jar:/home/elod/.m2/repository/com/vaadin/external/google/android-json/0.0.20131108.vaadin1/android-json-0.0.20131108.vaadin1.jar:/home/elod/.m2/repository/org/springframework/spring-core/5.1.5.RELEASE/spring-core-5.1.5.RELEASE.jar:/home/elod/.m2/repository/org/springframework/spring-jcl/5.1.5.RELEASE/spring-jcl-5.1.5.RELEASE.jar:/home/elod/.m2/repository/org/springframework/spring-test/5.1.5.RELEASE/spring-test-5.1.5.RELEASE.jar:/home/elod/.m2/repository/org/xmlunit/xmlunit-core/2.6.2/xmlunit-core-2.6.2.jar:/home/elod/.m2/repository/org/junit/jupiter/junit-jupiter-engine/5.3.2/junit-jupiter-engine-5.3.2.jar:/home/elod/.m2/repository/org/apiguardian/apiguardian-api/1.0.0/apiguardian-api-1.0.0.jar:/home/elod/.m2/repository/org/junit/platform/junit-platform-engine/1.3.2/junit-platform-engine-1.3.2.jar:/home/elod/.m2/repository/org/junit/platform/junit-platform-commons/1.3.2/junit-platform-commons-1.3.2.jar:/home/elod/.m2/repository/org/opentest4j/opentest4j/1.1.1/opentest4j-1.1.1.jar:/home/elod/.m2/repository/org/junit/jupiter/junit-jupiter-api/5.3.2/junit-jupiter-api-5.3.2.jar:/home/elod/.m2/repository/org/mockito/mockito-junit-jupiter/3.3.3/mockito-junit-jupiter-3.3.3.jar:/home/elod/.m2/repository/org/springframework/security/spring-security-test/5.1.4.RELEASE/spring-security-test-5.1.4.RELEASE.jar:/home/elod/.m2/repository/org/springframework/security/spring-security-core/5.1.4.RELEASE/spring-security-core-5.1.4.RELEASE.jar:/home/elod/.m2/repository/org/springframework/boot/spring-boot-starter-data-jpa/2.1.3.RELEASE/spring-boot-starter-data-jpa-2.1.3.RELEASE.jar:/home/elod/.m2/repository/org/springframework/boot/spring-boot-starter-aop/2.1.3.RELEASE/spring-boot-starter-aop-2.1.3.RELEASE.jar:/home/elod/.m2/repository/org/aspectj/aspectjweaver/1.9.2/aspectjweaver-1.9.2.jar:/home/elod/.m2/repository/org/springframework/boot/spring-boot-starter-jdbc/2.1.3.RELEASE/spring-boot-starter-jdbc-2.1.3.RELEASE.jar:/home/elod/.m2/repository/com/zaxxer/HikariCP/3.2.0/HikariCP-3.2.0.jar:/home/elod/.m2/repository/org/springframework/spring-jdbc/5.1.5.RELEASE/spring-jdbc-5.1.5.RELEASE.jar:/home/elod/.m2/repository/javax/transaction/javax.transaction-api/1.3/javax.transaction-api-1.3.jar:/home/elod/.m2/repository/org/springframework/data/spring-data-jpa/2.1.5.RELEASE/spring-data-jpa-2.1.5.RELEASE.jar:/home/elod/.m2/repository/org/springframework/data/spring-data-commons/2.1.5.RELEASE/spring-data-commons-2.1.5.RELEASE.jar:/home/elod/.m2/repository/org/springframework/spring-orm/5.1.5.RELEASE/spring-orm-5.1.5.RELEASE.jar:/home/elod/.m2/repository/org/springframework/spring-tx/5.1.5.RELEASE/spring-tx-5.1.5.RELEASE.jar:/home/elod/.m2/repository/org/springframework/spring-aspects/5.1.5.RELEASE/spring-aspects-5.1.5.RELEASE.jar:/home/elod/.m2/repository/org/apache/commons/commons-lang3/3.9/commons-lang3-3.9.jar:/home/elod/.m2/repository/org/springframework/security/oauth/boot/spring-security-oauth2-autoconfigure/2.3.1.RELEASE/spring-security-oauth2-autoconfigure-2.3.1.RELEASE.jar:/home/elod/.m2/repository/com/fasterxml/jackson/core/jackson-annotations/2.9.0/jackson-annotations-2.9.0.jar:/home/elod/.m2/repository/com/fasterxml/jackson/core/jackson-databind/2.9.8/jackson-databind-2.9.8.jar:/home/elod/.m2/repository/org/springframework/security/oauth/spring-security-oauth2/2.4.1.RELEASE/spring-security-oauth2-2.4.1.RELEASE.jar:/home/elod/.m2/repository/commons-codec/commons-codec/1.11/commons-codec-1.11.jar:/home/elod/.m2/repository/org/springframework/security/spring-security-jwt/1.1.1.RELEASE/spring-security-jwt-1.1.1.RELEASE.jar:/home/elod/.m2/repository/org/bouncycastle/bcpkix-jdk15on/1.64/bcpkix-jdk15on-1.64.jar:/home/elod/.m2/repository/org/bouncycastle/bcprov-jdk15on/1.64/bcprov-jdk15on-1.64.jar:/home/elod/.m2/repository/org/glassfish/jaxb/jaxb-runtime/2.3.1/jaxb-runtime-2.3.1.jar:/home/elod/.m2/repository/org/glassfish/jaxb/txw2/2.3.1/txw2-2.3.1.jar:/home/elod/.m2/repository/com/sun/istack/istack-commons-runtime/3.0.7/istack-commons-runtime-3.0.7.jar:/home/elod/.m2/repository/org/jvnet/staxex/stax-ex/1.8/stax-ex-1.8.jar:/home/elod/.m2/repository/com/sun/xml/fastinfoset/FastInfoset/1.2.15/FastInfoset-1.2.15.jar:/home/elod/.m2/repository/org/springframework/boot/spring-boot-starter-oauth2-client/2.1.3.RELEASE/spring-boot-starter-oauth2-client-2.1.3.RELEASE.jar:/home/elod/.m2/repository/org/springframework/security/spring-security-oauth2-client/5.1.4.RELEASE/spring-security-oauth2-client-5.1.4.RELEASE.jar:/home/elod/.m2/repository/com/nimbusds/oauth2-oidc-sdk/6.0/oauth2-oidc-sdk-6.0.jar:/home/elod/.m2/repository/com/github/stephenc/jcip/jcip-annotations/1.0-1/jcip-annotations-1.0-1.jar:/home/elod/.m2/repository/com/nimbusds/lang-tag/1.5/lang-tag-1.5.jar:/home/elod/.m2/repository/org/springframework/security/spring-security-oauth2-core/5.1.4.RELEASE/spring-security-oauth2-core-5.1.4.RELEASE.jar:/home/elod/.m2/repository/org/springframework/security/spring-security-oauth2-jose/5.1.4.RELEASE/spring-security-oauth2-jose-5.1.4.RELEASE.jar:/home/elod/.m2/repository/com/nimbusds/nimbus-jose-jwt/6.0.2/nimbus-jose-jwt-6.0.2.jar:/home/elod/.m2/repository/org/springframework/social/spring-social-facebook/2.0.3.RELEASE/spring-social-facebook-2.0.3.RELEASE.jar:/home/elod/.m2/repository/com/fasterxml/jackson/core/jackson-core/2.9.8/jackson-core-2.9.8.jar:/home/elod/.m2/repository/org/springframework/social/spring-social-core/1.1.4.RELEASE/spring-social-core-1.1.4.RELEASE.jar:/home/elod/.m2/repository/org/springframework/social/spring-social-config/1.1.4.RELEASE/spring-social-config-1.1.4.RELEASE.jar:/home/elod/.m2/repository/org/springframework/social/spring-social-web/1.1.4.RELEASE/spring-social-web-1.1.4.RELEASE.jar:/home/elod/.m2/repository/org/slf4j/slf4j-log4j12/1.6.1/slf4j-log4j12-1.6.1.jar:/home/elod/.m2/repository/log4j/log4j/1.2.16/log4j-1.2.16.jar:/home/elod/.m2/repository/org/webjars/jquery/3.4.1/jquery-3.4.1.jar:/home/elod/.m2/repository/org/webjars/bootstrap/4.3.1/bootstrap-4.3.1.jar:/home/elod/.m2/repository/org/webjars/popper.js/1.14.3/popper.js-1.14.3.jar:/home/elod/.m2/repository/org/webjars/webjars-locator-core/0.35/webjars-locator-core-0.35.jar:/home/elod/.m2/repository/org/apache/commons/commons-compress/1.9/commons-compress-1.9.jar:/home/elod/.m2/repository/org/apache/maven/plugins/maven-compiler-plugin/3.8.0/maven-compiler-plugin-3.8.0.jar:/home/elod/.m2/repository/org/apache/maven/maven-plugin-api/3.0/maven-plugin-api-3.0.jar:/home/elod/.m2/repository/org/apache/maven/maven-model/3.0/maven-model-3.0.jar:/home/elod/.m2/repository/org/sonatype/sisu/sisu-inject-plexus/1.4.2/sisu-inject-plexus-1.4.2.jar:/home/elod/.m2/repository/org/sonatype/sisu/sisu-inject-bean/1.4.2/sisu-inject-bean-1.4.2.jar:/home/elod/.m2/repository/org/sonatype/sisu/sisu-guice/2.1.7/sisu-guice-2.1.7-noaop.jar:/home/elod/.m2/repository/org/apache/maven/maven-artifact/3.0/maven-artifact-3.0.jar:/home/elod/.m2/repository/org/codehaus/plexus/plexus-utils/2.0.4/plexus-utils-2.0.4.jar:/home/elod/.m2/repository/org/apache/maven/maven-core/3.0/maven-core-3.0.jar:/home/elod/.m2/repository/org/apache/maven/maven-settings/3.0/maven-settings-3.0.jar:/home/elod/.m2/repository/org/apache/maven/maven-settings-builder/3.0/maven-settings-builder-3.0.jar:/home/elod/.m2/repository/org/apache/maven/maven-repository-metadata/3.0/maven-repository-metadata-3.0.jar:/home/elod/.m2/repository/org/apache/maven/maven-model-builder/3.0/maven-model-builder-3.0.jar:/home/elod/.m2/repository/org/apache/maven/maven-aether-provider/3.0/maven-aether-provider-3.0.jar:/home/elod/.m2/repository/org/sonatype/aether/aether-impl/1.7/aether-impl-1.7.jar:/home/elod/.m2/repository/org/sonatype/aether/aether-spi/1.7/aether-spi-1.7.jar:/home/elod/.m2/repository/org/sonatype/aether/aether-api/1.7/aether-api-1.7.jar:/home/elod/.m2/repository/org/sonatype/aether/aether-util/1.7/aether-util-1.7.jar:/home/elod/.m2/repository/org/codehaus/plexus/plexus-interpolation/1.14/plexus-interpolation-1.14.jar:/home/elod/.m2/repository/org/codehaus/plexus/plexus-classworlds/2.2.3/plexus-classworlds-2.2.3.jar:/home/elod/.m2/repository/org/codehaus/plexus/plexus-component-annotations/1.5.5/plexus-component-annotations-1.5.5.jar:/home/elod/.m2/repository/org/sonatype/plexus/plexus-sec-dispatcher/1.3/plexus-sec-dispatcher-1.3.jar:/home/elod/.m2/repository/org/sonatype/plexus/plexus-cipher/1.4/plexus-cipher-1.4.jar:/home/elod/.m2/repository/org/apache/maven/shared/maven-shared-utils/3.2.1/maven-shared-utils-3.2.1.jar:/home/elod/.m2/repository/commons-io/commons-io/2.5/commons-io-2.5.jar:/home/elod/.m2/repository/org/apache/maven/shared/maven-shared-incremental/1.1/maven-shared-incremental-1.1.jar:/home/elod/.m2/repository/org/codehaus/plexus/plexus-java/0.9.10/plexus-java-0.9.10.jar:/home/elod/.m2/repository/org/ow2/asm/asm/6.2/asm-6.2.jar:/home/elod/.m2/repository/com/thoughtworks/qdox/qdox/2.0-M8/qdox-2.0-M8.jar:/home/elod/.m2/repository/org/codehaus/plexus/plexus-compiler-api/2.8.4/plexus-compiler-api-2.8.4.jar:/home/elod/.m2/repository/org/codehaus/plexus/plexus-compiler-manager/2.8.4/plexus-compiler-manager-2.8.4.jar:/home/elod/.m2/repository/org/codehaus/plexus/plexus-compiler-javac/2.8.4/plexus-compiler-javac-2.8.4.jar:/home/elod/.m2/repository/javax/xml/bind/jaxb-api/2.3.1/jaxb-api-2.3.1.jar:/home/elod/.m2/repository/javax/activation/javax.activation-api/1.2.0/javax.activation-api-1.2.0.jar:/home/elod/.m2/repository/com/h2database/h2/1.3.156/h2-1.3.156.jar:/home/elod/.m2/repository/mysql/mysql-connector-java/8.0.15/mysql-connector-java-8.0.15.jar:/home/elod/.m2/repository/org/hibernate/hibernate-core/4.2.2.Final/hibernate-core-4.2.2.Final.jar:/home/elod/.m2/repository/antlr/antlr/2.7.7/antlr-2.7.7.jar:/home/elod/.m2/repository/org/jboss/logging/jboss-logging/3.3.2.Final/jboss-logging-3.3.2.Final.jar:/home/elod/.m2/repository/dom4j/dom4j/1.6.1/dom4j-1.6.1.jar:/home/elod/.m2/repository/org/jboss/spec/javax/transaction/jboss-transaction-api_1.1_spec/1.0.1.Final/jboss-transaction-api_1.1_spec-1.0.1.Final.jar:/home/elod/.m2/repository/org/hibernate/javax/persistence/hibernate-jpa-2.0-api/1.0.1.Final/hibernate-jpa-2.0-api-1.0.1.Final.jar:/home/elod/.m2/repository/org/hibernate/common/hibernate-commons-annotations/4.0.2.Final/hibernate-commons-annotations-4.0.2.Final.jar:/home/elod/.m2/repository/org/javassist/javassist/3.15.0-GA/javassist-3.15.0-GA.jar:/home/elod/.m2/repository/org/hibernate/hibernate-entitymanager/5.2.3.Final/hibernate-entitymanager-5.2.3.Final.jar:/home/elod/.m2/repository/org/hibernate/javax/persistence/hibernate-jpa-2.1-api/1.0.0.Final/hibernate-jpa-2.1-api-1.0.0.Final.jar:/home/elod/.m2/repository/org/apache/geronimo/specs/geronimo-jta_1.1_spec/1.1.1/geronimo-jta_1.1_spec-1.1.1.jar:/home/elod/.m2/repository/org/hibernate/hibernate-spatial/5.4.18.Final/hibernate-spatial-5.4.18.Final.jar:/home/elod/.m2/repository/org/geolatte/geolatte-geom/1.4.0/geolatte-geom-1.4.0.jar:/home/elod/.m2/repository/org/locationtech/jts/jts-core/1.16.0/jts-core-1.16.0.jar:/home/elod/.m2/repository/org/postgresql/postgresql/42.2.5/postgresql-42.2.5.jar:/home/elod/.m2/repository/org/dom4j/dom4j/2.1.3/dom4j-2.1.3.jar:/home/elod/.m2/repository/com/querydsl/querydsl-apt/4.1.3/querydsl-apt-4.1.3.jar:/home/elod/.m2/repository/com/querydsl/querydsl-codegen/4.1.3/querydsl-codegen-4.1.3.jar:/home/elod/.m2/repository/com/mysema/codegen/codegen/0.6.8/codegen-0.6.8.jar:/home/elod/.m2/repository/org/eclipse/jdt/core/compiler/ecj/4.3.1/ecj-4.3.1.jar:/home/elod/.m2/repository/javax/inject/javax.inject/1/javax.inject-1.jar:/home/elod/.m2/repository/org/reflections/reflections/0.9.9/reflections-0.9.9.jar:/home/elod/.m2/repository/com/google/code/findbugs/annotations/2.0.1/annotations-2.0.1.jar:/home/elod/.m2/repository/com/querydsl/querydsl-jpa/4.1.3/querydsl-jpa-4.1.3.jar:/home/elod/.m2/repository/com/querydsl/querydsl-core/4.1.3/querydsl-core-4.1.3.jar:/home/elod/.m2/repository/com/google/code/findbugs/jsr305/1.3.9/jsr305-1.3.9.jar:/home/elod/.m2/repository/com/mysema/commons/mysema-commons-lang/0.2.4/mysema-commons-lang-0.2.4.jar:/home/elod/.m2/repository/com/infradna/tool/bridge-method-annotation/1.13/bridge-method-annotation-1.13.jar:/home/elod/.m2/repository/org/springframework/boot/spring-boot-starter-mail/2.1.3.RELEASE/spring-boot-starter-mail-2.1.3.RELEASE.jar:/home/elod/.m2/repository/org/springframework/spring-context-support/5.1.5.RELEASE/spring-context-support-5.1.5.RELEASE.jar:/home/elod/.m2/repository/com/sun/mail/javax.mail/1.6.2/javax.mail-1.6.2.jar:/home/elod/.m2/repository/javax/activation/activation/1.1/activation-1.1.jar:/home/elod/.m2/repository/it/ozimov/spring-boot-email-core/0.5.0/spring-boot-email-core-0.5.0.jar:/home/elod/.m2/repository/org/apache/tika/tika-core/1.14/tika-core-1.14.jar:/home/elod/.m2/repository/org/hibernate/hibernate-validator/5.3.3.Final/hibernate-validator-5.3.3.Final.jar:/home/elod/.m2/repository/org/springframework/boot/spring-boot-starter-data-redis/2.1.3.RELEASE/spring-boot-starter-data-redis-2.1.3.RELEASE.jar:/home/elod/.m2/repository/org/springframework/data/spring-data-redis/2.1.5.RELEASE/spring-data-redis-2.1.5.RELEASE.jar:/home/elod/.m2/repository/org/springframework/data/spring-data-keyvalue/2.1.5.RELEASE/spring-data-keyvalue-2.1.5.RELEASE.jar:/home/elod/.m2/repository/org/springframework/spring-oxm/5.1.5.RELEASE/spring-oxm-5.1.5.RELEASE.jar:/home/elod/.m2/repository/io/lettuce/lettuce-core/5.1.4.RELEASE/lettuce-core-5.1.4.RELEASE.jar:/home/elod/.m2/repository/io/netty/netty-common/4.1.33.Final/netty-common-4.1.33.Final.jar:/home/elod/.m2/repository/io/netty/netty-handler/4.1.33.Final/netty-handler-4.1.33.Final.jar:/home/elod/.m2/repository/io/netty/netty-buffer/4.1.33.Final/netty-buffer-4.1.33.Final.jar:/home/elod/.m2/repository/io/netty/netty-codec/4.1.33.Final/netty-codec-4.1.33.Final.jar:/home/elod/.m2/repository/io/netty/netty-transport/4.1.33.Final/netty-transport-4.1.33.Final.jar:/home/elod/.m2/repository/io/netty/netty-resolver/4.1.33.Final/netty-resolver-4.1.33.Final.jar:/home/elod/.m2/repository/io/projectreactor/reactor-core/3.2.6.RELEASE/reactor-core-3.2.6.RELEASE.jar:/home/elod/.m2/repository/org/reactivestreams/reactive-streams/1.0.2/reactive-streams-1.0.2.jar:/home/elod/.m2/repository/it/ozimov/embedded-redis/0.7.0/embedded-redis-0.7.0.jar:/home/elod/.m2/repository/com/google/guava/guava/21.0/guava-21.0.jar:"/>
    <property name="java.vm.vendor" value="Ubuntu"/>
    <property name="sun.arch.data.model" value="64"/>
    <property name="java.vendor.url" value="https://ubuntu.com/"/>
    <property name="user.timezone" value=""/>
    <property name="java.vm.specification.version" value="11"/>
    <property name="os.name" value="Linux"/>
    <property name="sun.java.launcher" value="SUN_STANDARD"/>
    <property name="user.country" value="HU"/>
    <property name="sun.boot.library.path" value="/usr/lib/jvm/java-11-openjdk-amd64/lib"/>
    <property name="sun.java.command" value="/home/elod/IdeaProjects/HikeMasterBackend/target/surefire/surefirebooter16036078518913452310.jar /home/elod/IdeaProjects/HikeMasterBackend/target/surefire 2020-08-30T18-40-25_831-jvmRun1 surefire2670335376590496724tmp surefire_09283081701031779697tmp"/>
    <property name="jdk.debug" value="release"/>
    <property name="surefire.test.class.path" value="/home/elod/IdeaProjects/HikeMasterBackend/target/test-classes:/home/elod/IdeaProjects/HikeMasterBackend/target/classes:/home/elod/.m2/repository/net/sf/dozer/dozer/5.5.1/dozer-5.5.1.jar:/home/elod/.m2/repository/commons-beanutils/commons-beanutils/1.9.1/commons-beanutils-1.9.1.jar:/home/elod/.m2/repository/commons-collections/commons-collections/3.2.1/commons-collections-3.2.1.jar:/home/elod/.m2/repository/org/slf4j/slf4j-api/1.7.25/slf4j-api-1.7.25.jar:/home/elod/.m2/repository/org/slf4j/jcl-over-slf4j/1.7.25/jcl-over-slf4j-1.7.25.jar:/home/elod/.m2/repository/org/passay/passay/1.6.0/passay-1.6.0.jar:/home/elod/.m2/repository/org/springframework/boot/spring-boot-starter-web/2.1.3.RELEASE/spring-boot-starter-web-2.1.3.RELEASE.jar:/home/elod/.m2/repository/org/springframework/boot/spring-boot-starter/2.1.3.RELEASE/spring-boot-starter-2.1.3.RELEASE.jar:/home/elod/.m2/repository/org/springframework/boot/spring-boot-starter-logging/2.1.3.RELEASE/spring-boot-starter-logging-2.1.3.RELEASE.jar:/home/elod/.m2/repository/ch/qos/logback/logback-classic/1.2.3/logback-classic-1.2.3.jar:/home/elod/.m2/repository/ch/qos/logback/logback-core/1.2.3/logback-core-1.2.3.jar:/home/elod/.m2/repository/org/apache/logging/log4j/log4j-to-slf4j/2.11.2/log4j-to-slf4j-2.11.2.jar:/home/elod/.m2/repository/org/apache/logging/log4j/log4j-api/2.11.2/log4j-api-2.11.2.jar:/home/elod/.m2/repository/org/slf4j/jul-to-slf4j/1.7.25/jul-to-slf4j-1.7.25.jar:/home/elod/.m2/repository/javax/annotation/javax.annotation-api/1.3.2/javax.annotation-api-1.3.2.jar:/home/elod/.m2/repository/org/yaml/snakeyaml/1.23/snakeyaml-1.23.jar:/home/elod/.m2/repository/org/springframework/boot/spring-boot-starter-json/2.1.3.RELEASE/spring-boot-starter-json-2.1.3.RELEASE.jar:/home/elod/.m2/repository/com/fasterxml/jackson/datatype/jackson-datatype-jdk8/2.9.8/jackson-datatype-jdk8-2.9.8.jar:/home/elod/.m2/repository/com/fasterxml/jackson/datatype/jackson-datatype-jsr310/2.9.8/jackson-datatype-jsr310-2.9.8.jar:/home/elod/.m2/repository/com/fasterxml/jackson/module/jackson-module-parameter-names/2.9.8/jackson-module-parameter-names-2.9.8.jar:/home/elod/.m2/repository/org/springframework/boot/spring-boot-starter-tomcat/2.1.3.RELEASE/spring-boot-starter-tomcat-2.1.3.RELEASE.jar:/home/elod/.m2/repository/org/apache/tomcat/embed/tomcat-embed-core/9.0.16/tomcat-embed-core-9.0.16.jar:/home/elod/.m2/repository/org/apache/tomcat/embed/tomcat-embed-el/9.0.16/tomcat-embed-el-9.0.16.jar:/home/elod/.m2/repository/org/apache/tomcat/embed/tomcat-embed-websocket/9.0.16/tomcat-embed-websocket-9.0.16.jar:/home/elod/.m2/repository/org/hibernate/validator/hibernate-validator/6.0.14.Final/hibernate-validator-6.0.14.Final.jar:/home/elod/.m2/repository/javax/validation/validation-api/2.0.1.Final/validation-api-2.0.1.Final.jar:/home/elod/.m2/repository/com/fasterxml/classmate/1.4.0/classmate-1.4.0.jar:/home/elod/.m2/repository/org/springframework/spring-web/5.1.5.RELEASE/spring-web-5.1.5.RELEASE.jar:/home/elod/.m2/repository/org/springframework/spring-beans/5.1.5.RELEASE/spring-beans-5.1.5.RELEASE.jar:/home/elod/.m2/repository/org/springframework/spring-webmvc/5.1.5.RELEASE/spring-webmvc-5.1.5.RELEASE.jar:/home/elod/.m2/repository/org/springframework/spring-context/5.1.5.RELEASE/spring-context-5.1.5.RELEASE.jar:/home/elod/.m2/repository/org/springframework/spring-expression/5.1.5.RELEASE/spring-expression-5.1.5.RELEASE.jar:/home/elod/.m2/repository/org/springframework/boot/spring-boot-devtools/2.1.3.RELEASE/spring-boot-devtools-2.1.3.RELEASE.jar:/home/elod/.m2/repository/org/springframework/boot/spring-boot/2.1.3.RELEASE/spring-boot-2.1.3.RELEASE.jar:/home/elod/.m2/repository/org/springframework/boot/spring-boot-autoconfigure/2.1.3.RELEASE/spring-boot-autoconfigure-2.1.3.RELEASE.jar:/home/elod/.m2/repository/org/springframework/boot/spring-boot-starter-security/2.1.3.RELEASE/spring-boot-starter-security-2.1.3.RELEASE.jar:/home/elod/.m2/repository/org/springframework/spring-aop/5.1.5.RELEASE/spring-aop-5.1.5.RELEASE.jar:/home/elod/.m2/repository/org/springframework/security/spring-security-config/5.1.4.RELEASE/spring-security-config-5.1.4.RELEASE.jar:/home/elod/.m2/repository/org/springframework/security/spring-security-web/5.1.4.RELEASE/spring-security-web-5.1.4.RELEASE.jar:/home/elod/.m2/repository/org/springframework/boot/spring-boot-starter-test/2.1.3.RELEASE/spring-boot-starter-test-2.1.3.RELEASE.jar:/home/elod/.m2/repository/org/springframework/boot/spring-boot-test/2.1.3.RELEASE/spring-boot-test-2.1.3.RELEASE.jar:/home/elod/.m2/repository/org/springframework/boot/spring-boot-test-autoconfigure/2.1.3.RELEASE/spring-boot-test-autoconfigure-2.1.3.RELEASE.jar:/home/elod/.m2/repository/com/jayway/jsonpath/json-path/2.4.0/json-path-2.4.0.jar:/home/elod/.m2/repository/net/minidev/json-smart/2.3/json-smart-2.3.jar:/home/elod/.m2/repository/net/minidev/accessors-smart/1.2/accessors-smart-1.2.jar:/home/elod/.m2/repository/junit/junit/4.12/junit-4.12.jar:/home/elod/.m2/repository/org/assertj/assertj-core/3.11.1/assertj-core-3.11.1.jar:/home/elod/.m2/repository/org/mockito/mockito-core/2.23.4/mockito-core-2.23.4.jar:/home/elod/.m2/repository/net/bytebuddy/byte-buddy/1.9.10/byte-buddy-1.9.10.jar:/home/elod/.m2/repository/net/bytebuddy/byte-buddy-agent/1.9.10/byte-buddy-agent-1.9.10.jar:/home/elod/.m2/repository/org/objenesis/objenesis/2.6/objenesis-2.6.jar:/home/elod/.m2/repository/org/hamcrest/hamcrest-core/1.3/hamcrest-core-1.3.jar:/home/elod/.m2/repository/org/hamcrest/hamcrest-library/1.3/hamcrest-library-1.3.jar:/home/elod/.m2/repository/org/skyscreamer/jsonassert/1.5.0/jsonassert-1.5.0.jar:/home/elod/.m2/repository/com/vaadin/external/google/android-json/0.0.20131108.vaadin1/android-json-0.0.20131108.vaadin1.jar:/home/elod/.m2/repository/org/springframework/spring-core/5.1.5.RELEASE/spring-core-5.1.5.RELEASE.jar:/home/elod/.m2/repository/org/springframework/spring-jcl/5.1.5.RELEASE/spring-jcl-5.1.5.RELEASE.jar:/home/elod/.m2/repository/org/springframework/spring-test/5.1.5.RELEASE/spring-test-5.1.5.RELEASE.jar:/home/elod/.m2/repository/org/xmlunit/xmlunit-core/2.6.2/xmlunit-core-2.6.2.jar:/home/elod/.m2/repository/org/junit/jupiter/junit-jupiter-engine/5.3.2/junit-jupiter-engine-5.3.2.jar:/home/elod/.m2/repository/org/apiguardian/apiguardian-api/1.0.0/apiguardian-api-1.0.0.jar:/home/elod/.m2/repository/org/junit/platform/junit-platform-engine/1.3.2/junit-platform-engine-1.3.2.jar:/home/elod/.m2/repository/org/junit/platform/junit-platform-commons/1.3.2/junit-platform-commons-1.3.2.jar:/home/elod/.m2/repository/org/opentest4j/opentest4j/1.1.1/opentest4j-1.1.1.jar:/home/elod/.m2/repository/org/junit/jupiter/junit-jupiter-api/5.3.2/junit-jupiter-api-5.3.2.jar:/home/elod/.m2/repository/org/mockito/mockito-junit-jupiter/3.3.3/mockito-junit-jupiter-3.3.3.jar:/home/elod/.m2/repository/org/springframework/security/spring-security-test/5.1.4.RELEASE/spring-security-test-5.1.4.RELEASE.jar:/home/elod/.m2/repository/org/springframework/security/spring-security-core/5.1.4.RELEASE/spring-security-core-5.1.4.RELEASE.jar:/home/elod/.m2/repository/org/springframework/boot/spring-boot-starter-data-jpa/2.1.3.RELEASE/spring-boot-starter-data-jpa-2.1.3.RELEASE.jar:/home/elod/.m2/repository/org/springframework/boot/spring-boot-starter-aop/2.1.3.RELEASE/spring-boot-starter-aop-2.1.3.RELEASE.jar:/home/elod/.m2/repository/org/aspectj/aspectjweaver/1.9.2/aspectjweaver-1.9.2.jar:/home/elod/.m2/repository/org/springframework/boot/spring-boot-starter-jdbc/2.1.3.RELEASE/spring-boot-starter-jdbc-2.1.3.RELEASE.jar:/home/elod/.m2/repository/com/zaxxer/HikariCP/3.2.0/HikariCP-3.2.0.jar:/home/elod/.m2/repository/org/springframework/spring-jdbc/5.1.5.RELEASE/spring-jdbc-5.1.5.RELEASE.jar:/home/elod/.m2/repository/javax/transaction/javax.transaction-api/1.3/javax.transaction-api-1.3.jar:/home/elod/.m2/repository/org/springframework/data/spring-data-jpa/2.1.5.RELEASE/spring-data-jpa-2.1.5.RELEASE.jar:/home/elod/.m2/repository/org/springframework/data/spring-data-commons/2.1.5.RELEASE/spring-data-commons-2.1.5.RELEASE.jar:/home/elod/.m2/repository/org/springframework/spring-orm/5.1.5.RELEASE/spring-orm-5.1.5.RELEASE.jar:/home/elod/.m2/repository/org/springframework/spring-tx/5.1.5.RELEASE/spring-tx-5.1.5.RELEASE.jar:/home/elod/.m2/repository/org/springframework/spring-aspects/5.1.5.RELEASE/spring-aspects-5.1.5.RELEASE.jar:/home/elod/.m2/repository/org/apache/commons/commons-lang3/3.9/commons-lang3-3.9.jar:/home/elod/.m2/repository/org/springframework/security/oauth/boot/spring-security-oauth2-autoconfigure/2.3.1.RELEASE/spring-security-oauth2-autoconfigure-2.3.1.RELEASE.jar:/home/elod/.m2/repository/com/fasterxml/jackson/core/jackson-annotations/2.9.0/jackson-annotations-2.9.0.jar:/home/elod/.m2/repository/com/fasterxml/jackson/core/jackson-databind/2.9.8/jackson-databind-2.9.8.jar:/home/elod/.m2/repository/org/springframework/security/oauth/spring-security-oauth2/2.4.1.RELEASE/spring-security-oauth2-2.4.1.RELEASE.jar:/home/elod/.m2/repository/commons-codec/commons-codec/1.11/commons-codec-1.11.jar:/home/elod/.m2/repository/org/springframework/security/spring-security-jwt/1.1.1.RELEASE/spring-security-jwt-1.1.1.RELEASE.jar:/home/elod/.m2/repository/org/bouncycastle/bcpkix-jdk15on/1.64/bcpkix-jdk15on-1.64.jar:/home/elod/.m2/repository/org/bouncycastle/bcprov-jdk15on/1.64/bcprov-jdk15on-1.64.jar:/home/elod/.m2/repository/org/glassfish/jaxb/jaxb-runtime/2.3.1/jaxb-runtime-2.3.1.jar:/home/elod/.m2/repository/org/glassfish/jaxb/txw2/2.3.1/txw2-2.3.1.jar:/home/elod/.m2/repository/com/sun/istack/istack-commons-runtime/3.0.7/istack-commons-runtime-3.0.7.jar:/home/elod/.m2/repository/org/jvnet/staxex/stax-ex/1.8/stax-ex-1.8.jar:/home/elod/.m2/repository/com/sun/xml/fastinfoset/FastInfoset/1.2.15/FastInfoset-1.2.15.jar:/home/elod/.m2/repository/org/springframework/boot/spring-boot-starter-oauth2-client/2.1.3.RELEASE/spring-boot-starter-oauth2-client-2.1.3.RELEASE.jar:/home/elod/.m2/repository/org/springframework/security/spring-security-oauth2-client/5.1.4.RELEASE/spring-security-oauth2-client-5.1.4.RELEASE.jar:/home/elod/.m2/repository/com/nimbusds/oauth2-oidc-sdk/6.0/oauth2-oidc-sdk-6.0.jar:/home/elod/.m2/repository/com/github/stephenc/jcip/jcip-annotations/1.0-1/jcip-annotations-1.0-1.jar:/home/elod/.m2/repository/com/nimbusds/lang-tag/1.5/lang-tag-1.5.jar:/home/elod/.m2/repository/org/springframework/security/spring-security-oauth2-core/5.1.4.RELEASE/spring-security-oauth2-core-5.1.4.RELEASE.jar:/home/elod/.m2/repository/org/springframework/security/spring-security-oauth2-jose/5.1.4.RELEASE/spring-security-oauth2-jose-5.1.4.RELEASE.jar:/home/elod/.m2/repository/com/nimbusds/nimbus-jose-jwt/6.0.2/nimbus-jose-jwt-6.0.2.jar:/home/elod/.m2/repository/org/springframework/social/spring-social-facebook/2.0.3.RELEASE/spring-social-facebook-2.0.3.RELEASE.jar:/home/elod/.m2/repository/com/fasterxml/jackson/core/jackson-core/2.9.8/jackson-core-2.9.8.jar:/home/elod/.m2/repository/org/springframework/social/spring-social-core/1.1.4.RELEASE/spring-social-core-1.1.4.RELEASE.jar:/home/elod/.m2/repository/org/springframework/social/spring-social-config/1.1.4.RELEASE/spring-social-config-1.1.4.RELEASE.jar:/home/elod/.m2/repository/org/springframework/social/spring-social-web/1.1.4.RELEASE/spring-social-web-1.1.4.RELEASE.jar:/home/elod/.m2/repository/org/slf4j/slf4j-log4j12/1.6.1/slf4j-log4j12-1.6.1.jar:/home/elod/.m2/repository/log4j/log4j/1.2.16/log4j-1.2.16.jar:/home/elod/.m2/repository/org/webjars/jquery/3.4.1/jquery-3.4.1.jar:/home/elod/.m2/repository/org/webjars/bootstrap/4.3.1/bootstrap-4.3.1.jar:/home/elod/.m2/repository/org/webjars/popper.js/1.14.3/popper.js-1.14.3.jar:/home/elod/.m2/repository/org/webjars/webjars-locator-core/0.35/webjars-locator-core-0.35.jar:/home/elod/.m2/repository/org/apache/commons/commons-compress/1.9/commons-compress-1.9.jar:/home/elod/.m2/repository/org/apache/maven/plugins/maven-compiler-plugin/3.8.0/maven-compiler-plugin-3.8.0.jar:/home/elod/.m2/repository/org/apache/maven/maven-plugin-api/3.0/maven-plugin-api-3.0.jar:/home/elod/.m2/repository/org/apache/maven/maven-model/3.0/maven-model-3.0.jar:/home/elod/.m2/repository/org/sonatype/sisu/sisu-inject-plexus/1.4.2/sisu-inject-plexus-1.4.2.jar:/home/elod/.m2/repository/org/sonatype/sisu/sisu-inject-bean/1.4.2/sisu-inject-bean-1.4.2.jar:/home/elod/.m2/repository/org/sonatype/sisu/sisu-guice/2.1.7/sisu-guice-2.1.7-noaop.jar:/home/elod/.m2/repository/org/apache/maven/maven-artifact/3.0/maven-artifact-3.0.jar:/home/elod/.m2/repository/org/codehaus/plexus/plexus-utils/2.0.4/plexus-utils-2.0.4.jar:/home/elod/.m2/repository/org/apache/maven/maven-core/3.0/maven-core-3.0.jar:/home/elod/.m2/repository/org/apache/maven/maven-settings/3.0/maven-settings-3.0.jar:/home/elod/.m2/repository/org/apache/maven/maven-settings-builder/3.0/maven-settings-builder-3.0.jar:/home/elod/.m2/repository/org/apache/maven/maven-repository-metadata/3.0/maven-repository-metadata-3.0.jar:/home/elod/.m2/repository/org/apache/maven/maven-model-builder/3.0/maven-model-builder-3.0.jar:/home/elod/.m2/repository/org/apache/maven/maven-aether-provider/3.0/maven-aether-provider-3.0.jar:/home/elod/.m2/repository/org/sonatype/aether/aether-impl/1.7/aether-impl-1.7.jar:/home/elod/.m2/repository/org/sonatype/aether/aether-spi/1.7/aether-spi-1.7.jar:/home/elod/.m2/repository/org/sonatype/aether/aether-api/1.7/aether-api-1.7.jar:/home/elod/.m2/repository/org/sonatype/aether/aether-util/1.7/aether-util-1.7.jar:/home/elod/.m2/repository/org/codehaus/plexus/plexus-interpolation/1.14/plexus-interpolation-1.14.jar:/home/elod/.m2/repository/org/codehaus/plexus/plexus-classworlds/2.2.3/plexus-classworlds-2.2.3.jar:/home/elod/.m2/repository/org/codehaus/plexus/plexus-component-annotations/1.5.5/plexus-component-annotations-1.5.5.jar:/home/elod/.m2/repository/org/sonatype/plexus/plexus-sec-dispatcher/1.3/plexus-sec-dispatcher-1.3.jar:/home/elod/.m2/repository/org/sonatype/plexus/plexus-cipher/1.4/plexus-cipher-1.4.jar:/home/elod/.m2/repository/org/apache/maven/shared/maven-shared-utils/3.2.1/maven-shared-utils-3.2.1.jar:/home/elod/.m2/repository/commons-io/commons-io/2.5/commons-io-2.5.jar:/home/elod/.m2/repository/org/apache/maven/shared/maven-shared-incremental/1.1/maven-shared-incremental-1.1.jar:/home/elod/.m2/repository/org/codehaus/plexus/plexus-java/0.9.10/plexus-java-0.9.10.jar:/home/elod/.m2/repository/org/ow2/asm/asm/6.2/asm-6.2.jar:/home/elod/.m2/repository/com/thoughtworks/qdox/qdox/2.0-M8/qdox-2.0-M8.jar:/home/elod/.m2/repository/org/codehaus/plexus/plexus-compiler-api/2.8.4/plexus-compiler-api-2.8.4.jar:/home/elod/.m2/repository/org/codehaus/plexus/plexus-compiler-manager/2.8.4/plexus-compiler-manager-2.8.4.jar:/home/elod/.m2/repository/org/codehaus/plexus/plexus-compiler-javac/2.8.4/plexus-compiler-javac-2.8.4.jar:/home/elod/.m2/repository/javax/xml/bind/jaxb-api/2.3.1/jaxb-api-2.3.1.jar:/home/elod/.m2/repository/javax/activation/javax.activation-api/1.2.0/javax.activation-api-1.2.0.jar:/home/elod/.m2/repository/com/h2database/h2/1.3.156/h2-1.3.156.jar:/home/elod/.m2/repository/mysql/mysql-connector-java/8.0.15/mysql-connector-java-8.0.15.jar:/home/elod/.m2/repository/org/hibernate/hibernate-core/4.2.2.Final/hibernate-core-4.2.2.Final.jar:/home/elod/.m2/repository/antlr/antlr/2.7.7/antlr-2.7.7.jar:/home/elod/.m2/repository/org/jboss/logging/jboss-logging/3.3.2.Final/jboss-logging-3.3.2.Final.jar:/home/elod/.m2/repository/dom4j/dom4j/1.6.1/dom4j-1.6.1.jar:/home/elod/.m2/repository/org/jboss/spec/javax/transaction/jboss-transaction-api_1.1_spec/1.0.1.Final/jboss-transaction-api_1.1_spec-1.0.1.Final.jar:/home/elod/.m2/repository/org/hibernate/javax/persistence/hibernate-jpa-2.0-api/1.0.1.Final/hibernate-jpa-2.0-api-1.0.1.Final.jar:/home/elod/.m2/repository/org/hibernate/common/hibernate-commons-annotations/4.0.2.Final/hibernate-commons-annotations-4.0.2.Final.jar:/home/elod/.m2/repository/org/javassist/javassist/3.15.0-GA/javassist-3.15.0-GA.jar:/home/elod/.m2/repository/org/hibernate/hibernate-entitymanager/5.2.3.Final/hibernate-entitymanager-5.2.3.Final.jar:/home/elod/.m2/repository/org/hibernate/javax/persistence/hibernate-jpa-2.1-api/1.0.0.Final/hibernate-jpa-2.1-api-1.0.0.Final.jar:/home/elod/.m2/repository/org/apache/geronimo/specs/geronimo-jta_1.1_spec/1.1.1/geronimo-jta_1.1_spec-1.1.1.jar:/home/elod/.m2/repository/org/hibernate/hibernate-spatial/5.4.18.Final/hibernate-spatial-5.4.18.Final.jar:/home/elod/.m2/repository/org/geolatte/geolatte-geom/1.4.0/geolatte-geom-1.4.0.jar:/home/elod/.m2/repository/org/locationtech/jts/jts-core/1.16.0/jts-core-1.16.0.jar:/home/elod/.m2/repository/org/postgresql/postgresql/42.2.5/postgresql-42.2.5.jar:/home/elod/.m2/repository/org/dom4j/dom4j/2.1.3/dom4j-2.1.3.jar:/home/elod/.m2/repository/com/querydsl/querydsl-apt/4.1.3/querydsl-apt-4.1.3.jar:/home/elod/.m2/repository/com/querydsl/querydsl-codegen/4.1.3/querydsl-codegen-4.1.3.jar:/home/elod/.m2/repository/com/mysema/codegen/codegen/0.6.8/codegen-0.6.8.jar:/home/elod/.m2/repository/org/eclipse/jdt/core/compiler/ecj/4.3.1/ecj-4.3.1.jar:/home/elod/.m2/repository/javax/inject/javax.inject/1/javax.inject-1.jar:/home/elod/.m2/repository/org/reflections/reflections/0.9.9/reflections-0.9.9.jar:/home/elod/.m2/repository/com/google/code/findbugs/annotations/2.0.1/annotations-2.0.1.jar:/home/elod/.m2/repository/com/querydsl/querydsl-jpa/4.1.3/querydsl-jpa-4.1.3.jar:/home/elod/.m2/repository/com/querydsl/querydsl-core/4.1.3/querydsl-core-4.1.3.jar:/home/elod/.m2/repository/com/google/code/findbugs/jsr305/1.3.9/jsr305-1.3.9.jar:/home/elod/.m2/repository/com/mysema/commons/mysema-commons-lang/0.2.4/mysema-commons-lang-0.2.4.jar:/home/elod/.m2/repository/com/infradna/tool/bridge-method-annotation/1.13/bridge-method-annotation-1.13.jar:/home/elod/.m2/repository/org/springframework/boot/spring-boot-starter-mail/2.1.3.RELEASE/spring-boot-starter-mail-2.1.3.RELEASE.jar:/home/elod/.m2/repository/org/springframework/spring-context-support/5.1.5.RELEASE/spring-context-support-5.1.5.RELEASE.jar:/home/elod/.m2/repository/com/sun/mail/javax.mail/1.6.2/javax.mail-1.6.2.jar:/home/elod/.m2/repository/javax/activation/activation/1.1/activation-1.1.jar:/home/elod/.m2/repository/it/ozimov/spring-boot-email-core/0.5.0/spring-boot-email-core-0.5.0.jar:/home/elod/.m2/repository/org/apache/tika/tika-core/1.14/tika-core-1.14.jar:/home/elod/.m2/repository/org/hibernate/hibernate-validator/5.3.3.Final/hibernate-validator-5.3.3.Final.jar:/home/elod/.m2/repository/org/springframework/boot/spring-boot-starter-data-redis/2.1.3.RELEASE/spring-boot-starter-data-redis-2.1.3.RELEASE.jar:/home/elod/.m2/repository/org/springframework/data/spring-data-redis/2.1.5.RELEASE/spring-data-redis-2.1.5.RELEASE.jar:/home/elod/.m2/repository/org/springframework/data/spring-data-keyvalue/2.1.5.RELEASE/spring-data-keyvalue-2.1.5.RELEASE.jar:/home/elod/.m2/repository/org/springframework/spring-oxm/5.1.5.RELEASE/spring-oxm-5.1.5.RELEASE.jar:/home/elod/.m2/repository/io/lettuce/lettuce-core/5.1.4.RELEASE/lettuce-core-5.1.4.RELEASE.jar:/home/elod/.m2/repository/io/netty/netty-common/4.1.33.Final/netty-common-4.1.33.Final.jar:/home/elod/.m2/repository/io/netty/netty-handler/4.1.33.Final/netty-handler-4.1.33.Final.jar:/home/elod/.m2/repository/io/netty/netty-buffer/4.1.33.Final/netty-buffer-4.1.33.Final.jar:/home/elod/.m2/repository/io/netty/netty-codec/4.1.33.Final/netty-codec-4.1.33.Final.jar:/home/elod/.m2/repository/io/netty/netty-transport/4.1.33.Final/netty-transport-4.1.33.Final.jar:/home/elod/.m2/repository/io/netty/netty-resolver/4.1.33.Final/netty-resolver-4.1.33.Final.jar:/home/elod/.m2/repository/io/projectreactor/reactor-core/3.2.6.RELEASE/reactor-core-3.2.6.RELEASE.jar:/home/elod/.m2/repository/org/reactivestreams/reactive-streams/1.0.2/reactive-streams-1.0.2.jar:/home/elod/.m2/repository/it/ozimov/embedded-redis/0.7.0/embedded-redis-0.7.0.jar:/home/elod/.m2/repository/com/google/guava/guava/21.0/guava-21.0.jar:"/>
    <property name="sun.cpu.endian" value="little"/>
    <property name="user.home" value="/home/elod"/>
    <property name="user.language" value="hu"/>
    <property name="java.specification.vendor" value="Oracle Corporation"/>
    <property name="java.version.date" value="2020-07-14"/>
    <property name="java.home" value="/usr/lib/jvm/java-11-openjdk-amd64"/>
    <property name="file.separator" value="/"/>
    <property name="basedir" value="/home/elod/IdeaProjects/HikeMasterBackend"/>
    <property name="java.vm.compressedOopsMode" value="32-bit"/>
    <property name="line.separator" value="&#10;"/>
    <property name="java.specification.name" value="Java Platform API Specification"/>
    <property name="java.vm.specification.vendor" value="Oracle Corporation"/>
    <property name="java.awt.graphicsenv" value="sun.awt.X11GraphicsEnvironment"/>
    <property name="surefire.real.class.path" value="/home/elod/IdeaProjects/HikeMasterBackend/target/surefire/surefirebooter16036078518913452310.jar"/>
    <property name="sun.management.compiler" value="HotSpot 64-Bit Tiered Compilers"/>
    <property name="java.runtime.version" value="11.0.8+10-post-Ubuntu-0ubuntu118.04.1"/>
    <property name="user.name" value="elod"/>
    <property name="path.separator" value=":"/>
    <property name="os.version" value="5.4.0-45-generic"/>
    <property name="java.runtime.name" value="OpenJDK Runtime Environment"/>
    <property name="file.encoding" value="UTF-8"/>
    <property name="java.vm.name" value="OpenJDK 64-Bit Server VM"/>
    <property name="localRepository" value="/home/elod/.m2/repository"/>
    <property name="java.vendor.url.bug" value="https://bugs.launchpad.net/ubuntu/+source/openjdk-lts"/>
    <property name="java.io.tmpdir" value="/tmp"/>
    <property name="java.version" value="11.0.8"/>
    <property name="user.dir" value="/home/elod/IdeaProjects/HikeMasterBackend"/>
    <property name="os.arch" value="amd64"/>
    <property name="java.vm.specification.name" value="Java Virtual Machine Specification"/>
    <property name="java.awt.printerjob" value="sun.print.PSPrinterJob"/>
    <property name="sun.os.patch.level" value="unknown"/>
    <property name="java.library.path" value="/usr/java/packages/lib:/usr/lib/x86_64-linux-gnu/jni:/lib/x86_64-linux-gnu:/usr/lib/x86_64-linux-gnu:/usr/lib/jni:/lib:/usr/lib"/>
    <property name="java.vm.info" value="mixed mode, sharing"/>
    <property name="java.vendor" value="Ubuntu"/>
    <property name="java.vm.version" value="11.0.8+10-post-Ubuntu-0ubuntu118.04.1"/>
    <property name="sun.io.unicode.encoding" value="UnicodeLittle"/>
    <property name="java.class.version" value="55.0"/>
  </properties>
  <testcase name="validateUsername" classname="Test.ValidationServiceTest" time="0.001"/>
  <testcase name="validatePassword" classname="Test.ValidationServiceTest" time="0.001"/>
  <testcase name="validateSpringResults" classname="Test.ValidationServiceTest" time="0"/>
</testsuite>